<?xml version="1.0" encoding="UTF-8"?>
<!-- Generated by org.testng.reporters.JUnitReportReporter -->
<testsuite hostname="NSI-3-IT-N138" failures="0" tests="1" name="Framework.Testing" time="10.813" errors="0" timestamp="2023-12-04T15:57:46 IST" skipped="0">
  <testcase classname="Framework.Testing" name="Validation" time="10.813"/>
  <system-out/>
</testsuite> <!-- Framework.Testing -->
