<?xml version="1.0" encoding="UTF-8"?>
<!-- Generated by org.testng.reporters.JUnitReportReporter -->
<testsuite hostname="NSI-3-IT-N138" failures="0" tests="1" name="Framework.SauceTest" time="8.581" errors="0" timestamp="2023-12-04T16:22:59 IST" skipped="0">
  <testcase classname="Framework.SauceTest" name="Validation" time="8.581"/>
  <system-out/>
</testsuite> <!-- Framework.SauceTest -->
