<?xml version="1.0" encoding="UTF-8"?>
<!-- Generated by org.testng.reporters.JUnitReportReporter -->
<testsuite hostname="NSI-3-IT-N138" failures="0" tests="1" name="Framework.SauceTest" time="4.985" errors="0" timestamp="2023-12-04T17:33:05 IST" skipped="0">
  <testcase classname="Framework.SauceTest" name="Validation" time="4.985"/>
  <system-out/>
</testsuite> <!-- Framework.SauceTest -->
