<?xml version="1.0" encoding="UTF-8"?>
<!-- Generated by org.testng.reporters.JUnitReportReporter -->
<testsuite hostname="NSI-3-IT-N138" failures="0" tests="2" name="CucumberTestRunner.TestRunner" time="7.424" errors="0" timestamp="2023-12-07T13:31:27 IST" skipped="0">
  <testcase classname="CucumberTestRunner.TestRunner" name="runScenario" time="4.717"/>
  <system-out/>
  <testcase classname="CucumberTestRunner.TestRunner" name="runScenario" time="2.707"/>
  <system-out/>
</testsuite> <!-- CucumberTestRunner.TestRunner -->
