<?xml version="1.0" encoding="UTF-8"?>
<!-- Generated by org.testng.reporters.JUnitReportReporter -->
<testsuite hostname="NSI-3-IT-N138" failures="0" tests="1" name="CucumberTestRunner.TestRunner" time="4.557" errors="0" timestamp="2023-12-06T15:42:49 IST" skipped="0">
  <testcase classname="CucumberTestRunner.TestRunner" name="runScenario" time="4.557"/>
  <system-out/>
</testsuite> <!-- CucumberTestRunner.TestRunner -->
