<?xml version="1.0" encoding="UTF-8"?>
<!-- Generated by org.testng.reporters.JUnitReportReporter -->
<testsuite hostname="NSI-3-IT-N138" failures="0" tests="2" name="CucumberTestRunner.TestRunner" time="10.485" errors="0" timestamp="2023-12-07T15:13:21 IST" skipped="0">
  <testcase classname="CucumberTestRunner.TestRunner" name="runScenario" time="3.604"/>
  <system-out/>
  <testcase classname="CucumberTestRunner.TestRunner" name="runScenario" time="6.881"/>
  <system-out/>
</testsuite> <!-- CucumberTestRunner.TestRunner -->
